New log file opened at Sat Dec 12 05:06:43 EST 2015 by 37756@SkyFort
Sending msg to client activator-242d7742-bf7b-4110-910d-da6a75043b15: TaskFinished(117,18017,Some(AttributeKey[sbt.compiler.IC$Result]("manipulateBytecode") in Scope(Build: file:/C:/Users/Whale/Documents/Gitprojects/BarCode/, , Project: ProjectReference(file:/C:/Users/Whale/Documents/Gitprojects/BarCode/,root), Config: compile)),true,None)
Sending msg to client activator-242d7742-bf7b-4110-910d-da6a75043b15: TaskStarted(117,17995,Some(AttributeKey[sbt.compiler.IC$Result]("manipulateBytecode") in Scope(Build: file:/C:/Users/Whale/Documents/Gitprojects/BarCode/, , Project: ProjectReference(file:/C:/Users/Whale/Documents/Gitprojects/BarCode/,root), Config: compile)))
Sending msg to client activator-242d7742-bf7b-4110-910d-da6a75043b15: TaskFinished(117,17995,Some(AttributeKey[sbt.compiler.IC$Result]("manipulateBytecode") in Scope(Build: file:/C:/Users/Whale/Documents/Gitprojects/BarCode/, , Project: ProjectReference(file:/C:/Users/Whale/Documents/Gitprojects/BarCode/,root), Config: compile)),true,None)
Sending msg to client activator-242d7742-bf7b-4110-910d-da6a75043b15: TaskStarted(117,17977,Some(AttributeKey[sbt.compiler.IC$Result]("manipulateBytecode") in Scope(Build: file:/C:/Users/Whale/Documents/Gitprojects/BarCode/, , Project: ProjectReference(file:/C:/Users/Whale/Documents/Gitprojects/BarCode/,root), Config: compile)))
Sending msg to client activator-242d7742-bf7b-4110-910d-da6a75043b15: TaskFinished(117,17977,Some(AttributeKey[sbt.compiler.IC$Result]("manipulateBytecode") in Scope(Build: file:/C:/Users/Whale/Documents/Gitprojects/BarCode/, , Project: ProjectReference(file:/C:/Users/Whale/Documents/Gitprojects/BarCode/,root), Config: compile)),true,None)
Sending msg to client activator-242d7742-bf7b-4110-910d-da6a75043b15: TaskStarted(117,17976,Some(AttributeKey[sbt.inc.Analysis]("compile") in Scope(Build: file:/C:/Users/Whale/Documents/Gitprojects/BarCode/, , Project: ProjectReference(file:/C:/Users/Whale/Documents/Gitprojects/BarCode/,root), Config: compile)))
Sending msg to client activator-242d7742-bf7b-4110-910d-da6a75043b15: TaskFinished(117,17976,Some(AttributeKey[sbt.inc.Analysis]("compile") in Scope(Build: file:/C:/Users/Whale/Documents/Gitprojects/BarCode/, , Project: ProjectReference(file:/C:/Users/Whale/Documents/Gitprojects/BarCode/,root), Config: compile)),true,None)
Sending msg to client activator-242d7742-bf7b-4110-910d-da6a75043b15: TaskStarted(117,18057,Some(AttributeKey[sbt.PluginDiscovery$DiscoveredNames]("discoveredSbtPlugins") in Scope(Build: file:/C:/Users/Whale/Documents/Gitprojects/BarCode/, , Project: ProjectReference(file:/C:/Users/Whale/Documents/Gitprojects/BarCode/,root), Config: compile)))
Sending msg to client activator-242d7742-bf7b-4110-910d-da6a75043b15: TaskStarted(117,18061,None)
Sending msg to client activator-242d7742-bf7b-4110-910d-da6a75043b15: TaskStarted(117,18185,Some(AttributeKey[scala.collection.Seq[java.lang.String]]("discoveredMainClasses") in Scope(Build: file:/C:/Users/Whale/Documents/Gitprojects/BarCode/, , Project: ProjectReference(file:/C:/Users/Whale/Documents/Gitprojects/BarCode/,root), Config: compile)))
Sending msg to client activator-242d7742-bf7b-4110-910d-da6a75043b15: TaskFinished(117,18057,Some(AttributeKey[sbt.PluginDiscovery$DiscoveredNames]("discoveredSbtPlugins") in Scope(Build: file:/C:/Users/Whale/Documents/Gitprojects/BarCode/, , Project: ProjectReference(file:/C:/Users/Whale/Documents/Gitprojects/BarCode/,root), Config: compile)),true,None)
Sending msg to client activator-242d7742-bf7b-4110-910d-da6a75043b15: TaskStarted(117,18056,None)
Sending msg to client activator-242d7742-bf7b-4110-910d-da6a75043b15: TaskFinished(117,18061,None,true,None)
Sending msg to client activator-242d7742-bf7b-4110-910d-da6a75043b15: TaskStarted(117,18060,None)
Sending msg to client activator-242d7742-bf7b-4110-910d-da6a75043b15: TaskStarted(117,18190,None)
Sending msg to client activator-242d7742-bf7b-4110-910d-da6a75043b15: TaskFinished(117,18056,None,true,None)
Sending msg to client activator-242d7742-bf7b-4110-910d-da6a75043b15: TaskStarted(117,18055,None)
Sending msg to client activator-242d7742-bf7b-4110-910d-da6a75043b15: TaskFinished(117,18185,Some(AttributeKey[scala.collection.Seq[java.lang.String]]("discoveredMainClasses") in Scope(Build: file:/C:/Users/Whale/Documents/Gitprojects/BarCode/, , Project: ProjectReference(file:/C:/Users/Whale/Documents/Gitprojects/BarCode/,root), Config: compile)),true,None)
Sending msg to client activator-242d7742-bf7b-4110-910d-da6a75043b15: ValueChanged(AttributeKey[scala.collection.Seq[java.lang.String]]("discoveredMainClasses") in Scope(Build: file:/C:/Users/Whale/Documents/Gitprojects/BarCode/, , Project: ProjectReference(file:/C:/Users/Whale/Documents/Gitprojects/BarCode/,root), Config: compile),TaskSuccess(BuildValue(LazyValue(List(),scala.pickling.PicklerUnpickler$DelegatingPicklerUnpickler@1d20ef49),List())))
Sending msg to client activator-242d7742-bf7b-4110-910d-da6a75043b15: TaskFinished(117,18190,None,true,None)
Sending msg to client activator-242d7742-bf7b-4110-910d-da6a75043b15: TaskStarted(117,18189,Some(AttributeKey[java.io.File]("assets") in Scope(Build: file:/C:/Users/Whale/Documents/Gitprojects/BarCode/, , Project: ProjectReference(file:/C:/Users/Whale/Documents/Gitprojects/BarCode/,root), Config: web-assets)))
Sending msg to client activator-242d7742-bf7b-4110-910d-da6a75043b15: TaskFinished(117,18055,None,true,None)
Sending msg to client activator-242d7742-bf7b-4110-910d-da6a75043b15: TaskStarted(117,18054,Some(AttributeKey[scala.collection.Seq[java.io.File]]("managedResources") in Scope(Build: file:/C:/Users/Whale/Documents/Gitprojects/BarCode/, , Project: ProjectReference(file:/C:/Users/Whale/Documents/Gitprojects/BarCode/,root), Config: compile)))
Sending msg to client activator-242d7742-bf7b-4110-910d-da6a75043b15: TaskFinished(117,18054,Some(AttributeKey[scala.collection.Seq[java.io.File]]("managedResources") in Scope(Build: file:/C:/Users/Whale/Documents/Gitprojects/BarCode/, , Project: ProjectReference(file:/C:/Users/Whale/Documents/Gitprojects/BarCode/,root), Config: compile)),true,None)
Sending msg to client activator-242d7742-bf7b-4110-910d-da6a75043b15: TaskStarted(117,18053,Some(AttributeKey[scala.collection.Seq[java.io.File]]("resources") in Scope(Build: file:/C:/Users/Whale/Documents/Gitprojects/BarCode/, , Project: ProjectReference(file:/C:/Users/Whale/Documents/Gitprojects/BarCode/,root), Config: compile)))
Sending msg to client activator-242d7742-bf7b-4110-910d-da6a75043b15: TaskFinished(117,18053,Some(AttributeKey[scala.collection.Seq[java.io.File]]("resources") in Scope(Build: file:/C:/Users/Whale/Documents/Gitprojects/BarCode/, , Project: ProjectReference(file:/C:/Users/Whale/Documents/Gitprojects/BarCode/,root), Config: compile)),true,None)
Sending msg to client activator-242d7742-bf7b-4110-910d-da6a75043b15: TaskStarted(117,18051,Some(AttributeKey[scala.collection.Seq[scala.Tuple2[java.io.File,java.io.File]]]("copyResources") in Scope(Build: file:/C:/Users/Whale/Documents/Gitprojects/BarCode/, , Project: ProjectReference(file:/C:/Users/Whale/Documents/Gitprojects/BarCode/,root), Config: compile)))
Sending msg to client activator-242d7742-bf7b-4110-910d-da6a75043b15: TaskLogEvent(18051,LogMessage(debug,Copy resource mappings: 
	(C:\Users\Whale\Documents\Gitprojects\BarCode\conf\application.conf,C:\Users\Whale\Documents\Gitprojects\BarCode\target\scala-2.11\classes\application.conf)
	(C:\Users\Whale\Documents\Gitprojects\BarCode\conf\evolutions,C:\Users\Whale\Documents\Gitprojects\BarCode\target\scala-2.11\classes\evolutions)
	(C:\Users\Whale\Documents\Gitprojects\BarCode\conf\logback.xml,C:\Users\Whale\Documents\Gitprojects\BarCode\target\scala-2.11\classes\logback.xml)
	(C:\Users\Whale\Documents\Gitprojects\BarCode\conf\routes,C:\Users\Whale\Documents\Gitprojects\BarCode\target\scala-2.11\classes\routes)
	(C:\Users\Whale\Documents\Gitprojects\BarCode\conf\evolutions\default,C:\Users\Whale\Documents\Gitprojects\BarCode\target\scala-2.11\classes\evolutions\default)
	(C:\Users\Whale\Documents\Gitprojects\BarCode\conf\evolutions\default\1.sql,C:\Users\Whale\Documents\Gitprojects\BarCode\target\scala-2.11\classes\evolutions\default\1.sql)))
Sending msg to client activator-242d7742-bf7b-4110-910d-da6a75043b15: TaskFinished(117,18051,Some(AttributeKey[scala.collection.Seq[scala.Tuple2[java.io.File,java.io.File]]]("copyResources") in Scope(Build: file:/C:/Users/Whale/Documents/Gitprojects/BarCode/, , Project: ProjectReference(file:/C:/Users/Whale/Documents/Gitprojects/BarCode/,root), Config: compile)),true,None)
Sending msg to client activator-242d7742-bf7b-4110-910d-da6a75043b15: TaskStarted(117,18050,Some(AttributeKey[scala.collection.Seq[java.io.File]]("products") in Scope(Build: file:/C:/Users/Whale/Documents/Gitprojects/BarCode/, , Project: ProjectReference(file:/C:/Users/Whale/Documents/Gitprojects/BarCode/,root), Config: runtime)))
Sending msg to client activator-242d7742-bf7b-4110-910d-da6a75043b15: TaskStarted(117,18137,Some(AttributeKey[scala.collection.Seq[java.io.File]]("products") in Scope(Build: file:/C:/Users/Whale/Documents/Gitprojects/BarCode/, , Project: ProjectReference(file:/C:/Users/Whale/Documents/Gitprojects/BarCode/,root), Config: compile)))
Sending msg to client activator-242d7742-bf7b-4110-910d-da6a75043b15: TaskFinished(117,18050,Some(AttributeKey[scala.collection.Seq[java.io.File]]("products") in Scope(Build: file:/C:/Users/Whale/Documents/Gitprojects/BarCode/, , Project: ProjectReference(file:/C:/Users/Whale/Documents/Gitprojects/BarCode/,root), Config: runtime)),true,None)
Sending msg to client activator-242d7742-bf7b-4110-910d-da6a75043b15: TaskFinished(117,17975,None,true,None)
Sending msg to client activator-242d7742-bf7b-4110-910d-da6a75043b15: TaskStarted(117,17974,None)
Sending msg to client activator-242d7742-bf7b-4110-910d-da6a75043b15: TaskFinished(117,18137,Some(AttributeKey[scala.collection.Seq[java.io.File]]("products") in Scope(Build: file:/C:/Users/Whale/Documents/Gitprojects/BarCode/, , Project: ProjectReference(file:/C:/Users/Whale/Documents/Gitprojects/BarCode/,root), Config: compile)),true,None)
Sending msg to client activator-242d7742-bf7b-4110-910d-da6a75043b15: TaskFinished(117,18134,None,true,None)
Sending msg to client activator-242d7742-bf7b-4110-910d-da6a75043b15: TaskStarted(117,18133,None)
Sending msg to client activator-242d7742-bf7b-4110-910d-da6a75043b15: TaskFinished(117,17974,None,true,None)
Sending msg to client activator-242d7742-bf7b-4110-910d-da6a75043b15: TaskStarted(117,17972,Some(AttributeKey[scala.collection.Seq[sbt.Attributed[java.io.File]]]("exportedProducts") in Scope(Build: file:/C:/Users/Whale/Documents/Gitprojects/BarCode/, , Project: ProjectReference(file:/C:/Users/Whale/Documents/Gitprojects/BarCode/,root), Config: runtime)))
Sending msg to client activator-242d7742-bf7b-4110-910d-da6a75043b15: TaskFinished(117,18133,None,true,None)
Sending msg to client activator-242d7742-bf7b-4110-910d-da6a75043b15: TaskStarted(117,18132,Some(AttributeKey[scala.collection.Seq[sbt.Attributed[java.io.File]]]("exportedProducts") in Scope(Build: file:/C:/Users/Whale/Documents/Gitprojects/BarCode/, , Project: ProjectReference(file:/C:/Users/Whale/Documents/Gitprojects/BarCode/,root), Config: compile)))
Sending msg to client activator-242d7742-bf7b-4110-910d-da6a75043b15: TaskFinished(117,18189,Some(AttributeKey[java.io.File]("assets") in Scope(Build: file:/C:/Users/Whale/Documents/Gitprojects/BarCode/, , Project: ProjectReference(file:/C:/Users/Whale/Documents/Gitprojects/BarCode/,root), Config: web-assets)),true,None)
Sending msg to client activator-242d7742-bf7b-4110-910d-da6a75043b15: TaskStarted(117,18188,None)
Sending msg to client activator-242d7742-bf7b-4110-910d-da6a75043b15: TaskFinished(117,18188,None,true,None)
Sending msg to client activator-242d7742-bf7b-4110-910d-da6a75043b15: TaskStarted(117,18187,Some(AttributeKey[sbt.inc.Analysis]("playAssetsWithCompilation") in Scope(Build: file:/C:/Users/Whale/Documents/Gitprojects/BarCode/, , Project: ProjectReference(file:/C:/Users/Whale/Documents/Gitprojects/BarCode/,root))))
Sending msg to client activator-242d7742-bf7b-4110-910d-da6a75043b15: TaskFinished(117,17972,Some(AttributeKey[scala.collection.Seq[sbt.Attributed[java.io.File]]]("exportedProducts") in Scope(Build: file:/C:/Users/Whale/Documents/Gitprojects/BarCode/, , Project: ProjectReference(file:/C:/Users/Whale/Documents/Gitprojects/BarCode/,root), Config: runtime)),true,None)
Sending msg to client activator-242d7742-bf7b-4110-910d-da6a75043b15: TaskFinished(117,18187,Some(AttributeKey[sbt.inc.Analysis]("playAssetsWithCompilation") in Scope(Build: file:/C:/Users/Whale/Documents/Gitprojects/BarCode/, , Project: ProjectReference(file:/C:/Users/Whale/Documents/Gitprojects/BarCode/,root))),true,None)
Sending msg to client activator-242d7742-bf7b-4110-910d-da6a75043b15: TaskStarted(117,18186,None)
Sending msg to client activator-242d7742-bf7b-4110-910d-da6a75043b15: TaskFinished(117,18132,Some(AttributeKey[scala.collection.Seq[sbt.Attributed[java.io.File]]]("exportedProducts") in Scope(Build: file:/C:/Users/Whale/Documents/Gitprojects/BarCode/, , Project: ProjectReference(file:/C:/Users/Whale/Documents/Gitprojects/BarCode/,root), Config: compile)),true,None)
Sending msg to client activator-242d7742-bf7b-4110-910d-da6a75043b15: TaskStarted(117,18085,Some(AttributeKey[scala.collection.Seq[sbt.Attributed[java.io.File]]]("exportedProducts") in Scope(Build: file:/C:/Users/Whale/Documents/Gitprojects/BarCode/, , Project: ProjectReference(file:/C:/Users/Whale/Documents/Gitprojects/BarCode/,root), Config: compile)))
Sending msg to client activator-242d7742-bf7b-4110-910d-da6a75043b15: TaskFinished(117,18186,None,true,None)
Sending msg to client activator-242d7742-bf7b-4110-910d-da6a75043b15: TaskFinished(117,18060,None,true,None)
Sending msg to client activator-242d7742-bf7b-4110-910d-da6a75043b15: TaskStarted(117,18059,None)
Sending msg to client activator-242d7742-bf7b-4110-910d-da6a75043b15: TaskFinished(117,18085,Some(AttributeKey[scala.collection.Seq[sbt.Attributed[java.io.File]]]("exportedProducts") in Scope(Build: file:/C:/Users/Whale/Documents/Gitprojects/BarCode/, , Project: ProjectReference(file:/C:/Users/Whale/Documents/Gitprojects/BarCode/,root), Config: compile)),true,None)
Sending msg to client activator-242d7742-bf7b-4110-910d-da6a75043b15: TaskStarted(117,18084,None)
Sending msg to client activator-242d7742-bf7b-4110-910d-da6a75043b15: TaskFinished(117,18059,None,true,None)
Sending msg to client activator-242d7742-bf7b-4110-910d-da6a75043b15: TaskFinished(117,17927,Some(AttributeKey[scala.collection.Seq[sbt.inc.Analysis]]("playCompileEverything") in Scope(Build: file:/C:/Users/Whale/Documents/Gitprojects/BarCode/, , Project: ProjectReference(file:/C:/Users/Whale/Documents/Gitprojects/BarCode/,root))),true,None)
Sending msg to client activator-242d7742-bf7b-4110-910d-da6a75043b15: TaskStarted(117,17926,Some(AttributeKey[sbt.inc.Analysis]("playReload") in Scope(Build: file:/C:/Users/Whale/Documents/Gitprojects/BarCode/, , Project: ProjectReference(file:/C:/Users/Whale/Documents/Gitprojects/BarCode/,root))))
Sending msg to client activator-242d7742-bf7b-4110-910d-da6a75043b15: TaskFinished(117,18084,None,true,None)
Sending msg to client activator-242d7742-bf7b-4110-910d-da6a75043b15: TaskStarted(117,18083,None)
Sending msg to client activator-242d7742-bf7b-4110-910d-da6a75043b15: TaskFinished(117,17926,Some(AttributeKey[sbt.inc.Analysis]("playReload") in Scope(Build: file:/C:/Users/Whale/Documents/Gitprojects/BarCode/, , Project: ProjectReference(file:/C:/Users/Whale/Documents/Gitprojects/BarCode/,root))),true,None)
Sending msg to client activator-242d7742-bf7b-4110-910d-da6a75043b15: TaskStarted(117,17925,None)
Sending msg to client activator-242d7742-bf7b-4110-910d-da6a75043b15: TaskFinished(117,18083,None,true,None)
Sending msg to client activator-242d7742-bf7b-4110-910d-da6a75043b15: TaskFinished(117,17936,None,true,None)
Sending msg to client activator-242d7742-bf7b-4110-910d-da6a75043b15: TaskStarted(117,17935,Some(AttributeKey[scala.collection.Seq[sbt.Attributed[java.io.File]]]("internalDependencyClasspath") in Scope(Build: file:/C:/Users/Whale/Documents/Gitprojects/BarCode/, , Project: ProjectReference(file:/C:/Users/Whale/Documents/Gitprojects/BarCode/,root), Config: runtime)))
Sending msg to client activator-242d7742-bf7b-4110-910d-da6a75043b15: TaskFinished(117,17925,None,true,None)
Sending msg to client activator-242d7742-bf7b-4110-910d-da6a75043b15: TaskFinished(117,17935,Some(AttributeKey[scala.collection.Seq[sbt.Attributed[java.io.File]]]("internalDependencyClasspath") in Scope(Build: file:/C:/Users/Whale/Documents/Gitprojects/BarCode/, , Project: ProjectReference(file:/C:/Users/Whale/Documents/Gitprojects/BarCode/,root), Config: runtime)),true,None)
Sending msg to client activator-242d7742-bf7b-4110-910d-da6a75043b15: TaskStarted(117,17934,Some(AttributeKey[scala.collection.Seq[sbt.Attributed[java.io.File]]]("playReloaderClasspath") in Scope(Build: file:/C:/Users/Whale/Documents/Gitprojects/BarCode/, , Project: ProjectReference(file:/C:/Users/Whale/Documents/Gitprojects/BarCode/,root))))
Sending msg to client activator-242d7742-bf7b-4110-910d-da6a75043b15: TaskFinished(117,17934,Some(AttributeKey[scala.collection.Seq[sbt.Attributed[java.io.File]]]("playReloaderClasspath") in Scope(Build: file:/C:/Users/Whale/Documents/Gitprojects/BarCode/, , Project: ProjectReference(file:/C:/Users/Whale/Documents/Gitprojects/BarCode/,root))),true,None)
Sending msg to client activator-242d7742-bf7b-4110-910d-da6a75043b15: TaskStarted(117,17933,Some(AttributeKey[scala.collection.Seq[sbt.Attributed[java.io.File]]]("playReloaderClasspath") in Scope(Build: file:/C:/Users/Whale/Documents/Gitprojects/BarCode/, , Project: ProjectReference(file:/C:/Users/Whale/Documents/Gitprojects/BarCode/,root))))
Sending msg to client activator-242d7742-bf7b-4110-910d-da6a75043b15: TaskFinished(117,17933,Some(AttributeKey[scala.collection.Seq[sbt.Attributed[java.io.File]]]("playReloaderClasspath") in Scope(Build: file:/C:/Users/Whale/Documents/Gitprojects/BarCode/, , Project: ProjectReference(file:/C:/Users/Whale/Documents/Gitprojects/BarCode/,root))),true,None)
Sending msg to client activator-242d7742-bf7b-4110-910d-da6a75043b15: TaskStarted(117,17932,None)
Sending msg to client activator-242d7742-bf7b-4110-910d-da6a75043b15: TaskFinished(117,17932,None,true,None)
Sending msg to client activator-242d7742-bf7b-4110-910d-da6a75043b15: TaskStarted(117,17923,Some(AttributeKey[play.runsupport.Reloader$CompileResult]("playForkReload") in Scope(Build: file:/C:/Users/Whale/Documents/Gitprojects/BarCode/, , Project: ProjectReference(file:/C:/Users/Whale/Documents/Gitprojects/BarCode/,root))))
Sending msg to client activator-242d7742-bf7b-4110-910d-da6a75043b15: TaskFinished(117,17923,Some(AttributeKey[play.runsupport.Reloader$CompileResult]("playForkReload") in Scope(Build: file:/C:/Users/Whale/Documents/Gitprojects/BarCode/, , Project: ProjectReference(file:/C:/Users/Whale/Documents/Gitprojects/BarCode/,root))),true,None)
Sending msg to client activator-242d7742-bf7b-4110-910d-da6a75043b15: TaskStarted(117,17922,None)
Sending msg to client activator-242d7742-bf7b-4110-910d-da6a75043b15: TaskFinished(117,17922,None,true,None)
Sending msg to client activator-242d7742-bf7b-4110-910d-da6a75043b15: TaskStarted(117,17921,None)
Sending msg to client activator-242d7742-bf7b-4110-910d-da6a75043b15: TaskFinished(117,17921,None,true,None)
Sending msg to client activator-242d7742-bf7b-4110-910d-da6a75043b15: DetachedLogEvent(LogMessage(debug,cancel strategy finish enabled=false lastCommand=Some(LastCommand(CommandExecutionWork(ExecutionId(117),{file:/C:/Users/Whale/Documents/Gitprojects/BarCode/}root/*:playForkReload,Set(LiveClient(play-fork-run 41b387cf-70c3-4086-96a4-8f199f4a94f8)),sbt.server.WorkCancellationStatus$$anon$1@5d6ead23)))))
Sending msg to client activator-242d7742-bf7b-4110-910d-da6a75043b15: DetachedLogEvent(LogSuccess(Total time: 1 s, completed Dec 12, 2015 5:06:43 AM))
Sending msg to client activator-242d7742-bf7b-4110-910d-da6a75043b15: DetachedLogEvent(LogMessage(debug,> server-post-command-cleanup))
Sending msg to client activator-242d7742-bf7b-4110-910d-da6a75043b15: ExecutionSuccess(117)
Sending msg to client activator-242d7742-bf7b-4110-910d-da6a75043b15: DetachedLogEvent(LogMessage(debug,> server-handle-next-server-request))
Sending msg to client activator-242d7742-bf7b-4110-910d-da6a75043b15: BackgroundJobLogEvent(10,LogMessage(info,))
Sending msg to client activator-242d7742-bf7b-4110-910d-da6a75043b15: BackgroundJobLogEvent(10,LogMessage(info,--- (RELOAD) ---))
Sending msg to client activator-242d7742-bf7b-4110-910d-da6a75043b15: BackgroundJobLogEvent(10,LogMessage(info,))
Sending msg to client activator-242d7742-bf7b-4110-910d-da6a75043b15: BackgroundJobLogEvent(10,LogMessage(info,- application - Shutting down connection pool.))
Sending msg to client activator-242d7742-bf7b-4110-910d-da6a75043b15: BackgroundJobLogEvent(10,LogMessage(info,- application - Creating Pool for datasource 'default'))
Sending msg to client activator-242d7742-bf7b-4110-910d-da6a75043b15: BackgroundJobLogEvent(10,LogMessage(info,- play.api.db.DefaultDBApi - Database [default] connected at jdbc:postgresql://localhost:15432/myapp))
Sending msg to client activator-242d7742-bf7b-4110-910d-da6a75043b15: BackgroundJobLogEvent(10,LogMessage(error,- com.avaje.ebeaninternal.server.type.reflect.ImmutableMetaFactory - Was unable to use reflection to find a constructor and appropriate getters forimmutable type interface scala.collection.generic.BitOperations$Int.  The errors while looking for the getter methods follow:))
Sending msg to client activator-242d7742-bf7b-4110-910d-da6a75043b15: BackgroundJobLogEvent(10,LogMessage(error,- com.avaje.ebeaninternal.server.deploy.parse.DeployCreateProperties - Error with models.Sales field:QTYSold))
Sending msg to client activator-242d7742-bf7b-4110-910d-da6a75043b15: BackgroundJobLogEvent(10,LogMessage(info,java.lang.RuntimeException: Unable to use reflection to build ImmutableMeta for interface scala.collection.generic.BitOperations$Int.  Associated Errors trying to find a constructor and getter methods have been logged))
Sending msg to client activator-242d7742-bf7b-4110-910d-da6a75043b15: BackgroundJobLogEvent(10,LogMessage(info,	at com.avaje.ebeaninternal.server.type.reflect.ImmutableMetaFactory.createImmutableMeta(ImmutableMetaFactory.java:53) ~[avaje-ebeanorm-4.6.2.jar:na]))
Sending msg to client activator-242d7742-bf7b-4110-910d-da6a75043b15: BackgroundJobLogEvent(10,LogMessage(info,	at com.avaje.ebeaninternal.server.type.DefaultTypeManager.recursiveCreateScalarTypes(DefaultTypeManager.java:220) ~[avaje-ebeanorm-4.6.2.jar:na]))
Sending msg to client activator-242d7742-bf7b-4110-910d-da6a75043b15: BackgroundJobLogEvent(10,LogMessage(info,	at com.avaje.ebeaninternal.server.deploy.parse.DeployCreateProperties.createProp(DeployCreateProperties.java:328) [avaje-ebeanorm-4.6.2.jar:na]))
Sending msg to client activator-242d7742-bf7b-4110-910d-da6a75043b15: BackgroundJobLogEvent(10,LogMessage(info,	at com.avaje.ebeaninternal.server.deploy.parse.DeployCreateProperties.createProp(DeployCreateProperties.java:358) [avaje-ebeanorm-4.6.2.jar:na]))
Sending msg to client activator-242d7742-bf7b-4110-910d-da6a75043b15: BackgroundJobLogEvent(10,LogMessage(info,	at com.avaje.ebeaninternal.server.deploy.parse.DeployCreateProperties.createProperties(DeployCreateProperties.java:113) [avaje-ebeanorm-4.6.2.jar:na]))
Sending msg to client activator-242d7742-bf7b-4110-910d-da6a75043b15: BackgroundJobLogEvent(10,LogMessage(info,	at com.avaje.ebeaninternal.server.deploy.parse.DeployCreateProperties.createProperties(DeployCreateProperties.java:57) [avaje-ebeanorm-4.6.2.jar:na]))
Sending msg to client activator-242d7742-bf7b-4110-910d-da6a75043b15: BackgroundJobLogEvent(10,LogMessage(info,	at com.avaje.ebeaninternal.server.deploy.BeanDescriptorManager.createDeployBeanInfo(BeanDescriptorManager.java:967) [avaje-ebeanorm-4.6.2.jar:na]))
Sending msg to client activator-242d7742-bf7b-4110-910d-da6a75043b15: BackgroundJobLogEvent(10,LogMessage(info,	at com.avaje.ebeaninternal.server.deploy.BeanDescriptorManager.readEntityDeploymentInitial(BeanDescriptorManager.java:462) [avaje-ebeanorm-4.6.2.jar:na]))
Sending msg to client activator-242d7742-bf7b-4110-910d-da6a75043b15: BackgroundJobLogEvent(10,LogMessage(info,	at com.avaje.ebeaninternal.server.deploy.BeanDescriptorManager.deploy(BeanDescriptorManager.java:215) [avaje-ebeanorm-4.6.2.jar:na]))
Sending msg to client activator-242d7742-bf7b-4110-910d-da6a75043b15: BackgroundJobLogEvent(10,LogMessage(info,	at com.avaje.ebeaninternal.server.core.InternalConfiguration.<init>(InternalConfiguration.java:119) [avaje-ebeanorm-4.6.2.jar:na]))
Sending msg to client activator-242d7742-bf7b-4110-910d-da6a75043b15: BackgroundJobLogEvent(10,LogMessage(info,	at com.avaje.ebeaninternal.server.core.DefaultContainer.createServer(DefaultContainer.java:142) [avaje-ebeanorm-4.6.2.jar:na]))
Sending msg to client activator-242d7742-bf7b-4110-910d-da6a75043b15: BackgroundJobLogEvent(10,LogMessage(info,	at com.avaje.ebeaninternal.server.core.DefaultContainer.createServer(DefaultContainer.java:38) [avaje-ebeanorm-4.6.2.jar:na]))
Sending msg to client activator-242d7742-bf7b-4110-910d-da6a75043b15: BackgroundJobLogEvent(10,LogMessage(info,	at com.avaje.ebean.EbeanServerFactory.createInternal(EbeanServerFactory.java:81) [avaje-ebeanorm-4.6.2.jar:na]))
Sending msg to client activator-242d7742-bf7b-4110-910d-da6a75043b15: BackgroundJobLogEvent(10,LogMessage(info,	at com.avaje.ebean.EbeanServerFactory.create(EbeanServerFactory.java:66) [avaje-ebeanorm-4.6.2.jar:na]))
Sending msg to client activator-242d7742-bf7b-4110-910d-da6a75043b15: BackgroundJobLogEvent(10,LogMessage(info,	at play.db.ebean.EbeanDynamicEvolutions.start(EbeanDynamicEvolutions.java:53) [play-ebean_2.11-1.0.0.jar:1.0.0]))
Sending msg to client activator-242d7742-bf7b-4110-910d-da6a75043b15: BackgroundJobLogEvent(10,LogMessage(info,	at play.db.ebean.EbeanDynamicEvolutions.<init>(EbeanDynamicEvolutions.java:39) [play-ebean_2.11-1.0.0.jar:1.0.0]))
Sending msg to client activator-242d7742-bf7b-4110-910d-da6a75043b15: BackgroundJobLogEvent(10,LogMessage(info,	at play.db.ebean.EbeanDynamicEvolutions$$FastClassByGuice$$52c94231.newInstance(<generated>) [guice-4.0.jar:1.0.0]))
Sending msg to client activator-242d7742-bf7b-4110-910d-da6a75043b15: BackgroundJobLogEvent(10,LogMessage(info,	at com.google.inject.internal.cglib.reflect.$FastConstructor.newInstance(FastConstructor.java:40) [guice-4.0.jar:na]))
Sending msg to client activator-242d7742-bf7b-4110-910d-da6a75043b15: BackgroundJobLogEvent(10,LogMessage(info,	at com.google.inject.internal.DefaultConstructionProxyFactory$1.newInstance(DefaultConstructionProxyFactory.java:61) [guice-4.0.jar:na]))
Sending msg to client activator-242d7742-bf7b-4110-910d-da6a75043b15: BackgroundJobLogEvent(10,LogMessage(info,	at com.google.inject.internal.ConstructorInjector.provision(ConstructorInjector.java:105) [guice-4.0.jar:na]))
Sending msg to client activator-242d7742-bf7b-4110-910d-da6a75043b15: BackgroundJobLogEvent(10,LogMessage(info,	at com.google.inject.internal.ConstructorInjector.construct(ConstructorInjector.java:85) [guice-4.0.jar:na]))
Sending msg to client activator-242d7742-bf7b-4110-910d-da6a75043b15: BackgroundJobLogEvent(10,LogMessage(info,	at com.google.inject.internal.ConstructorBindingImpl$Factory.get(ConstructorBindingImpl.java:267) [guice-4.0.jar:na]))
Sending msg to client activator-242d7742-bf7b-4110-910d-da6a75043b15: BackgroundJobLogEvent(10,LogMessage(info,	at com.google.inject.internal.ProviderToInternalFactoryAdapter$1.call(ProviderToInternalFactoryAdapter.java:46) [guice-4.0.jar:na]))
Sending msg to client activator-242d7742-bf7b-4110-910d-da6a75043b15: BackgroundJobLogEvent(10,LogMessage(info,	at com.google.inject.internal.InjectorImpl.callInContext(InjectorImpl.java:1103) [guice-4.0.jar:na]))
Sending msg to client activator-242d7742-bf7b-4110-910d-da6a75043b15: BackgroundJobLogEvent(10,LogMessage(info,	at com.google.inject.internal.ProviderToInternalFactoryAdapter.get(ProviderToInternalFactoryAdapter.java:40) [guice-4.0.jar:na]))
Sending msg to client activator-242d7742-bf7b-4110-910d-da6a75043b15: BackgroundJobLogEvent(10,LogMessage(info,	at com.google.inject.internal.SingletonScope$1.get(SingletonScope.java:145) [guice-4.0.jar:na]))
Sending msg to client activator-242d7742-bf7b-4110-910d-da6a75043b15: BackgroundJobLogEvent(10,LogMessage(info,	at com.google.inject.internal.InternalFactoryToProviderAdapter.get(InternalFactoryToProviderAdapter.java:41) [guice-4.0.jar:na]))
Sending msg to client activator-242d7742-bf7b-4110-910d-da6a75043b15: BackgroundJobLogEvent(10,LogMessage(info,	at com.google.inject.internal.FactoryProxy.get(FactoryProxy.java:56) [guice-4.0.jar:na]))
Sending msg to client activator-242d7742-bf7b-4110-910d-da6a75043b15: BackgroundJobLogEvent(10,LogMessage(info,	at com.google.inject.internal.ProviderToInternalFactoryAdapter$1.call(ProviderToInternalFactoryAdapter.java:46) [guice-4.0.jar:na]))
Sending msg to client activator-242d7742-bf7b-4110-910d-da6a75043b15: BackgroundJobLogEvent(10,LogMessage(info,	at com.google.inject.internal.InjectorImpl.callInContext(InjectorImpl.java:1103) [guice-4.0.jar:na]))
Sending msg to client activator-242d7742-bf7b-4110-910d-da6a75043b15: BackgroundJobLogEvent(10,LogMessage(info,	at com.google.inject.internal.ProviderToInternalFactoryAdapter.get(ProviderToInternalFactoryAdapter.java:40) [guice-4.0.jar:na]))
Sending msg to client activator-242d7742-bf7b-4110-910d-da6a75043b15: BackgroundJobLogEvent(10,LogMessage(info,	at com.google.inject.internal.SingletonScope$1.get(SingletonScope.java:145) [guice-4.0.jar:na]))
Sending msg to client activator-242d7742-bf7b-4110-910d-da6a75043b15: BackgroundJobLogEvent(10,LogMessage(info,	at com.google.inject.internal.InternalFactoryToProviderAdapter.get(InternalFactoryToProviderAdapter.java:41) [guice-4.0.jar:na]))
Sending msg to client activator-242d7742-bf7b-4110-910d-da6a75043b15: BackgroundJobLogEvent(10,LogMessage(info,	at com.google.inject.internal.InjectorImpl$2$1.call(InjectorImpl.java:1016) [guice-4.0.jar:na]))
Sending msg to client activator-242d7742-bf7b-4110-910d-da6a75043b15: BackgroundJobLogEvent(10,LogMessage(info,	at com.google.inject.internal.InjectorImpl.callInContext(InjectorImpl.java:1103) [guice-4.0.jar:na]))
Sending msg to client activator-242d7742-bf7b-4110-910d-da6a75043b15: BackgroundJobLogEvent(10,LogMessage(info,	at com.google.inject.internal.InjectorImpl$2.get(InjectorImpl.java:1012) [guice-4.0.jar:na]))
Sending msg to client activator-242d7742-bf7b-4110-910d-da6a75043b15: BackgroundJobLogEvent(10,LogMessage(info,	at com.google.inject.internal.InjectorImpl.getInstance(InjectorImpl.java:1051) [guice-4.0.jar:na]))
Sending msg to client activator-242d7742-bf7b-4110-910d-da6a75043b15: BackgroundJobLogEvent(10,LogMessage(info,	at play.api.inject.guice.GuiceInjector.instanceOf(GuiceInjectorBuilder.scala:321) [play_2.11-2.4.3.jar:2.4.3]))
Sending msg to client activator-242d7742-bf7b-4110-910d-da6a75043b15: BackgroundJobLogEvent(10,LogMessage(info,	at play.api.inject.guice.GuiceInjector.instanceOf(GuiceInjectorBuilder.scala:316) [play_2.11-2.4.3.jar:2.4.3]))
Sending msg to client activator-242d7742-bf7b-4110-910d-da6a75043b15: BackgroundJobLogEvent(10,LogMessage(info,	at play.api.db.evolutions.ApplicationEvolutionsProvider.get$lzycompute(EvolutionsModule.scala:53) [play-jdbc-evolutions_2.11-2.4.0.jar:2.4.0]))
Sending msg to client activator-242d7742-bf7b-4110-910d-da6a75043b15: BackgroundJobLogEvent(10,LogMessage(info,	at play.api.db.evolutions.ApplicationEvolutionsProvider.get(EvolutionsModule.scala:53) [play-jdbc-evolutions_2.11-2.4.0.jar:2.4.0]))
Sending msg to client activator-242d7742-bf7b-4110-910d-da6a75043b15: BackgroundJobLogEvent(10,LogMessage(info,	at play.api.db.evolutions.ApplicationEvolutionsProvider.get(EvolutionsModule.scala:44) [play-jdbc-evolutions_2.11-2.4.0.jar:2.4.0]))
Sending msg to client activator-242d7742-bf7b-4110-910d-da6a75043b15: BackgroundJobLogEvent(10,LogMessage(info,	at com.google.inject.internal.ProviderInternalFactory.provision(ProviderInternalFactory.java:81) [guice-4.0.jar:na]))
Sending msg to client activator-242d7742-bf7b-4110-910d-da6a75043b15: BackgroundJobLogEvent(10,LogMessage(info,	at com.google.inject.internal.BoundProviderFactory.provision(BoundProviderFactory.java:72) [guice-4.0.jar:na]))
Sending msg to client activator-242d7742-bf7b-4110-910d-da6a75043b15: BackgroundJobLogEvent(10,LogMessage(info,	at com.google.inject.internal.ProviderInternalFactory.circularGet(ProviderInternalFactory.java:61) [guice-4.0.jar:na]))
Sending msg to client activator-242d7742-bf7b-4110-910d-da6a75043b15: BackgroundJobLogEvent(10,LogMessage(info,	at com.google.inject.internal.BoundProviderFactory.get(BoundProviderFactory.java:62) [guice-4.0.jar:na]))
Sending msg to client activator-242d7742-bf7b-4110-910d-da6a75043b15: BackgroundJobLogEvent(10,LogMessage(info,	at com.google.inject.internal.ProviderToInternalFactoryAdapter$1.call(ProviderToInternalFactoryAdapter.java:46) [guice-4.0.jar:na]))
Sending msg to client activator-242d7742-bf7b-4110-910d-da6a75043b15: BackgroundJobLogEvent(10,LogMessage(info,	at com.google.inject.internal.InjectorImpl.callInContext(InjectorImpl.java:1103) [guice-4.0.jar:na]))
Sending msg to client activator-242d7742-bf7b-4110-910d-da6a75043b15: BackgroundJobLogEvent(10,LogMessage(info,	at com.google.inject.internal.ProviderToInternalFactoryAdapter.get(ProviderToInternalFactoryAdapter.java:40) [guice-4.0.jar:na]))
Sending msg to client activator-242d7742-bf7b-4110-910d-da6a75043b15: BackgroundJobLogEvent(10,LogMessage(info,	at com.google.inject.internal.SingletonScope$1.get(SingletonScope.java:145) [guice-4.0.jar:na]))
Sending msg to client activator-242d7742-bf7b-4110-910d-da6a75043b15: BackgroundJobLogEvent(10,LogMessage(info,	at com.google.inject.internal.InternalFactoryToProviderAdapter.get(InternalFactoryToProviderAdapter.java:41) [guice-4.0.jar:na]))
Sending msg to client activator-242d7742-bf7b-4110-910d-da6a75043b15: BackgroundJobLogEvent(10,LogMessage(info,	at com.google.inject.internal.InternalInjectorCreator$1.call(InternalInjectorCreator.java:205) [guice-4.0.jar:na]))
Sending msg to client activator-242d7742-bf7b-4110-910d-da6a75043b15: BackgroundJobLogEvent(10,LogMessage(info,	at com.google.inject.internal.InternalInjectorCreator$1.call(InternalInjectorCreator.java:199) [guice-4.0.jar:na]))
Sending msg to client activator-242d7742-bf7b-4110-910d-da6a75043b15: BackgroundJobLogEvent(10,LogMessage(info,	at com.google.inject.internal.InjectorImpl.callInContext(InjectorImpl.java:1092) [guice-4.0.jar:na]))
Sending msg to client activator-242d7742-bf7b-4110-910d-da6a75043b15: BackgroundJobLogEvent(10,LogMessage(info,	at com.google.inject.internal.InternalInjectorCreator.loadEagerSingletons(InternalInjectorCreator.java:199) [guice-4.0.jar:na]))
Sending msg to client activator-242d7742-bf7b-4110-910d-da6a75043b15: BackgroundJobLogEvent(10,LogMessage(info,	at com.google.inject.internal.InternalInjectorCreator.injectDynamically(InternalInjectorCreator.java:180) [guice-4.0.jar:na]))
Sending msg to client activator-242d7742-bf7b-4110-910d-da6a75043b15: BackgroundJobLogEvent(10,LogMessage(info,	at com.google.inject.internal.InternalInjectorCreator.build(InternalInjectorCreator.java:110) [guice-4.0.jar:na]))
Sending msg to client activator-242d7742-bf7b-4110-910d-da6a75043b15: BackgroundJobLogEvent(10,LogMessage(info,	at com.google.inject.Guice.createInjector(Guice.java:96) [guice-4.0.jar:na]))
Sending msg to client activator-242d7742-bf7b-4110-910d-da6a75043b15: BackgroundJobLogEvent(10,LogMessage(info,	at com.google.inject.Guice.createInjector(Guice.java:73) [guice-4.0.jar:na]))
Sending msg to client activator-242d7742-bf7b-4110-910d-da6a75043b15: BackgroundJobLogEvent(10,LogMessage(info,	at com.google.inject.Guice.createInjector(Guice.java:62) [guice-4.0.jar:na]))
Sending msg to client activator-242d7742-bf7b-4110-910d-da6a75043b15: BackgroundJobLogEvent(10,LogMessage(info,	at play.api.inject.guice.GuiceBuilder.injector(GuiceInjectorBuilder.scala:126) [play_2.11-2.4.3.jar:2.4.3]))
Sending msg to client activator-242d7742-bf7b-4110-910d-da6a75043b15: BackgroundJobLogEvent(10,LogMessage(info,	at play.api.inject.guice.GuiceApplicationBuilder.build(GuiceApplicationBuilder.scala:93) [play_2.11-2.4.3.jar:2.4.3]))
Sending msg to client activator-242d7742-bf7b-4110-910d-da6a75043b15: BackgroundJobLogEvent(10,LogMessage(info,	at play.api.inject.guice.GuiceApplicationLoader.load(GuiceApplicationLoader.scala:21) [play_2.11-2.4.3.jar:2.4.3]))
Sending msg to client activator-242d7742-bf7b-4110-910d-da6a75043b15: BackgroundJobLogEvent(10,LogMessage(info,	at play.core.server.DevServerStart$$anonfun$mainDev$1$$anon$1$$anonfun$get$1$$anonfun$apply$1$$anonfun$1$$anonfun$2.apply(DevServerStart.scala:153) [play-server_2.11-2.4.3.jar:2.4.3]))
Sending msg to client activator-242d7742-bf7b-4110-910d-da6a75043b15: BackgroundJobLogEvent(10,LogMessage(info,	at play.core.server.DevServerStart$$anonfun$mainDev$1$$anon$1$$anonfun$get$1$$anonfun$apply$1$$anonfun$1$$anonfun$2.apply(DevServerStart.scala:150) [play-server_2.11-2.4.3.jar:2.4.3]))
Sending msg to client activator-242d7742-bf7b-4110-910d-da6a75043b15: BackgroundJobLogEvent(10,LogMessage(info,	at play.utils.Threads$.withContextClassLoader(Threads.scala:21) [play_2.11-2.4.3.jar:2.4.3]))
Sending msg to client activator-242d7742-bf7b-4110-910d-da6a75043b15: BackgroundJobLogEvent(10,LogMessage(info,	at play.core.server.DevServerStart$$anonfun$mainDev$1$$anon$1$$anonfun$get$1$$anonfun$apply$1$$anonfun$1.apply(DevServerStart.scala:150) [play-server_2.11-2.4.3.jar:2.4.3]))
Sending msg to client activator-242d7742-bf7b-4110-910d-da6a75043b15: BackgroundJobLogEvent(10,LogMessage(info,	at play.core.server.DevServerStart$$anonfun$mainDev$1$$anon$1$$anonfun$get$1$$anonfun$apply$1$$anonfun$1.apply(DevServerStart.scala:121) [play-server_2.11-2.4.3.jar:2.4.3]))
Sending msg to client activator-242d7742-bf7b-4110-910d-da6a75043b15: BackgroundJobLogEvent(10,LogMessage(info,	at scala.Option.map(Option.scala:146) [scala-library-2.11.6.jar:na]))
Sending msg to client activator-242d7742-bf7b-4110-910d-da6a75043b15: BackgroundJobLogEvent(10,LogMessage(info,	at play.core.server.DevServerStart$$anonfun$mainDev$1$$anon$1$$anonfun$get$1$$anonfun$apply$1.apply(DevServerStart.scala:121) [play-server_2.11-2.4.3.jar:2.4.3]))
Sending msg to client activator-242d7742-bf7b-4110-910d-da6a75043b15: BackgroundJobLogEvent(10,LogMessage(info,	at play.core.server.DevServerStart$$anonfun$mainDev$1$$anon$1$$anonfun$get$1$$anonfun$apply$1.apply(DevServerStart.scala:119) [play-server_2.11-2.4.3.jar:2.4.3]))
Sending msg to client activator-242d7742-bf7b-4110-910d-da6a75043b15: BackgroundJobLogEvent(10,LogMessage(info,	at scala.util.Success.flatMap(Try.scala:230) [scala-library-2.11.6.jar:na]))
Sending msg to client activator-242d7742-bf7b-4110-910d-da6a75043b15: BackgroundJobLogEvent(10,LogMessage(info,	at play.core.server.DevServerStart$$anonfun$mainDev$1$$anon$1$$anonfun$get$1.apply(DevServerStart.scala:119) [play-server_2.11-2.4.3.jar:2.4.3]))
Sending msg to client activator-242d7742-bf7b-4110-910d-da6a75043b15: BackgroundJobLogEvent(10,LogMessage(info,	at play.core.server.DevServerStart$$anonfun$mainDev$1$$anon$1$$anonfun$get$1.apply(DevServerStart.scala:111) [play-server_2.11-2.4.3.jar:2.4.3]))
Sending msg to client activator-242d7742-bf7b-4110-910d-da6a75043b15: BackgroundJobLogEvent(10,LogMessage(info,	at scala.concurrent.impl.Future$PromiseCompletingRunnable.liftedTree1$1(Future.scala:24) [scala-library-2.11.6.jar:na]))
Sending msg to client activator-242d7742-bf7b-4110-910d-da6a75043b15: BackgroundJobLogEvent(10,LogMessage(info,	at scala.concurrent.impl.Future$PromiseCompletingRunnable.run(Future.scala:24) [scala-library-2.11.6.jar:na]))
Sending msg to client activator-242d7742-bf7b-4110-910d-da6a75043b15: BackgroundJobLogEvent(10,LogMessage(info,	at akka.dispatch.TaskInvocation.run(AbstractDispatcher.scala:40) [akka-actor_2.11-2.3.13.jar:na]))
Sending msg to client activator-242d7742-bf7b-4110-910d-da6a75043b15: BackgroundJobLogEvent(10,LogMessage(info,	at akka.dispatch.ForkJoinExecutorConfigurator$AkkaForkJoinTask.exec(AbstractDispatcher.scala:397) [akka-actor_2.11-2.3.13.jar:na]))
Sending msg to client activator-242d7742-bf7b-4110-910d-da6a75043b15: BackgroundJobLogEvent(10,LogMessage(info,	at scala.concurrent.forkjoin.ForkJoinTask.doExec(ForkJoinTask.java:260) [scala-library-2.11.6.jar:na]))
Sending msg to client activator-242d7742-bf7b-4110-910d-da6a75043b15: BackgroundJobLogEvent(10,LogMessage(info,	at scala.concurrent.forkjoin.ForkJoinPool$WorkQueue.runTask(ForkJoinPool.java:1339) [scala-library-2.11.6.jar:na]))
Sending msg to client activator-242d7742-bf7b-4110-910d-da6a75043b15: BackgroundJobLogEvent(10,LogMessage(info,	at scala.concurrent.forkjoin.ForkJoinPool.runWorker(ForkJoinPool.java:1979) [scala-library-2.11.6.jar:na]))
Sending msg to client activator-242d7742-bf7b-4110-910d-da6a75043b15: BackgroundJobLogEvent(10,LogMessage(info,	at scala.concurrent.forkjoin.ForkJoinWorkerThread.run(ForkJoinWorkerThread.java:107) [scala-library-2.11.6.jar:na]))
Sending msg to client activator-242d7742-bf7b-4110-910d-da6a75043b15: BackgroundJobLogEvent(10,LogMessage(info,- play.api.Play - Application started (Dev)))
